<?xml version="1.0" encoding="UTF-8"?>
<!-- Generated by org.testng.reporters.JUnitXMLReporter -->
<testsuite hostname="DESKTOP-GK61F68" ignored="0" name="Test" tests="1" failures="1" timestamp="2020-12-21T19:19:07 IST" time="55.446" errors="0">
  <testcase name="runScenario" time="49.904" classname="io.cucumber.testng.AbstractTestNGCucumberTests">
    <failure type="java.lang.AssertionError" message="expected [Testyantra] but found [Testyantra450]">
      <![CDATA[java.lang.AssertionError: expected [Testyantra] but found [Testyantra450]
at stepDefinitions.OrganizationStepDef.i_navigate_to_organization_information_and_verify(OrganizationStepDef.java:49)
at ✽.I navigate to organization information and verify(file:///C:/Users/Nitheesha/git/Sdet8Bdd/SDET8BDD/./src/test/resources/Features/Organization.feature:10)
... Removed 6 stack frames]]>
    </failure>
  </testcase> <!-- runScenario -->
</testsuite> <!-- Test -->
