<?xml version="1.0" encoding="UTF-8"?>
<testng-results skipped="0" failed="1" ignored="0" total="1" passed="0">
  <reporter-output>
  </reporter-output>
  <suite name="Default suite" duration-ms="56546" started-at="2020-12-18T19:29:15 IST" finished-at="2020-12-18T19:30:11 IST">
    <groups>
      <group name="cucumber">
        <method signature="AbstractTestNGCucumberTests.runScenario(io.cucumber.testng.PickleWrapper, io.cucumber.testng.FeatureWrapper)[pri:0, instance:runnerIO.Runner@3cb1ffe6]" name="runScenario" class="io.cucumber.testng.AbstractTestNGCucumberTests"/>
      </group> <!-- cucumber -->
    </groups>
    <test name="Default test" duration-ms="56546" started-at="2020-12-18T19:29:15 IST" finished-at="2020-12-18T19:30:11 IST">
      <class name="runnerIO.Runner">
        <test-method status="PASS" signature="setUpClass()[pri:0, instance:runnerIO.Runner@3cb1ffe6]" name="setUpClass" is-config="true" duration-ms="1195" started-at="2020-12-18T19:29:15 IST" finished-at="2020-12-18T19:29:16 IST">
          <reporter-output>
          </reporter-output>
        </test-method> <!-- setUpClass -->
        <test-method status="FAIL" signature="runScenario(io.cucumber.testng.PickleWrapper, io.cucumber.testng.FeatureWrapper)[pri:0, instance:runnerIO.Runner@3cb1ffe6]" name="runScenario" duration-ms="37406" started-at="2020-12-18T19:29:16 IST" description="Runs Cucumber Scenarios" data-provider="scenarios" finished-at="2020-12-18T19:29:53 IST">
          <params>
            <param index="0">
              <value>
                <![CDATA["I want to create an organization by using mandatory fields"]]>
              </value>
            </param>
            <param index="1">
              <value>
                <![CDATA["Optional[Oraganization]"]]>
              </value>
            </param>
          </params>
          <exception class="java.lang.AssertionError">
            <message>
              <![CDATA[expected [Testyantra] but found [Testyantra871]]]>
            </message>
            <full-stacktrace>
              <![CDATA[java.lang.AssertionError: expected [Testyantra] but found [Testyantra871]
at org.testng.Assert.fail(Assert.java:99)
at org.testng.Assert.failNotEquals(Assert.java:1037)
at org.testng.Assert.assertEqualsImpl(Assert.java:140)
at org.testng.Assert.assertEquals(Assert.java:122)
at org.testng.Assert.assertEquals(Assert.java:629)
at org.testng.Assert.assertEquals(Assert.java:639)
at stepDefinitions.OrganizationStepDef.i_navigate_to_organization_information_and_verify(OrganizationStepDef.java:49)
at ✽.I navigate to organization information and verify(file:///D:/BDD/SDET8BDD/./src/test/resources/Features/Organization.feature:10)
]]>
            </full-stacktrace>
          </exception> <!-- java.lang.AssertionError -->
          <reporter-output>
          </reporter-output>
        </test-method> <!-- runScenario -->
        <test-method status="PASS" signature="tearDownClass()[pri:0, instance:runnerIO.Runner@3cb1ffe6]" name="tearDownClass" is-config="true" duration-ms="17861" started-at="2020-12-18T19:29:53 IST" finished-at="2020-12-18T19:30:11 IST">
          <reporter-output>
          </reporter-output>
        </test-method> <!-- tearDownClass -->
      </class> <!-- runnerIO.Runner -->
    </test> <!-- Default test -->
  </suite> <!-- Default suite -->
</testng-results>
